soak final start 2026-05-07T05:41:46Z
--- iteration 1 2026-05-07T05:41:46Z ---
All checks passed!
..............................................                           [100%]
46 passed in 0.61s
Sound Vault loaded 1301 records from /nas/TikTok Sound Vault
--- iteration 2 2026-05-07T05:46:54Z ---
All checks passed!
..............................................                           [100%]
46 passed in 0.68s
Sound Vault loaded 1308 records from /nas/TikTok Sound Vault
--- iteration 3 2026-05-07T05:52:06Z ---
All checks passed!
..............................................                           [100%]
46 passed in 0.87s
Sound Vault loaded 1316 records from /nas/TikTok Sound Vault
--- iteration 4 2026-05-07T05:57:15Z ---
All checks passed!
..............................................                           [100%]
46 passed in 0.60s
Sound Vault loaded 1323 records from /nas/TikTok Sound Vault
--- iteration 5 2026-05-07T06:02:24Z ---
All checks passed!
..............................................                           [100%]
46 passed in 0.62s
Sound Vault loaded 1330 records from /nas/TikTok Sound Vault
--- iteration 6 2026-05-07T06:07:37Z ---
All checks passed!
..............................................                           [100%]
46 passed in 0.70s
Sound Vault loaded 1338 records from /nas/TikTok Sound Vault
--- iteration 7 2026-05-07T06:12:48Z ---
All checks passed!
..............................................                           [100%]
46 passed in 0.58s
Sound Vault loaded 1345 records from /nas/TikTok Sound Vault
--- iteration 8 2026-05-07T06:17:58Z ---
All checks passed!
..............................................                           [100%]
46 passed in 0.66s
Sound Vault loaded 1352 records from /nas/TikTok Sound Vault
--- iteration 9 2026-05-07T06:23:10Z ---
All checks passed!
..............................................                           [100%]
46 passed in 0.56s
Sound Vault loaded 1360 records from /nas/TikTok Sound Vault
--- iteration 10 2026-05-07T06:28:20Z ---
All checks passed!
..............................................                           [100%]
46 passed in 1.24s
Sound Vault loaded 1367 records from /nas/TikTok Sound Vault
--- iteration 11 2026-05-07T06:33:31Z ---
All checks passed!
..............................................                           [100%]
46 passed in 0.89s
Sound Vault loaded 1375 records from /nas/TikTok Sound Vault
--- iteration 12 2026-05-07T06:38:39Z ---
All checks passed!
..............................................                           [100%]
46 passed in 0.60s
Sound Vault loaded 1382 records from /nas/TikTok Sound Vault
--- iteration 13 2026-05-07T06:43:47Z ---
All checks passed!
..............................................                           [100%]
46 passed in 0.61s
Sound Vault loaded 1389 records from /nas/TikTok Sound Vault
--- iteration 14 2026-05-07T06:48:59Z ---
All checks passed!
..............................................                           [100%]
46 passed in 1.04s
Sound Vault loaded 1397 records from /nas/TikTok Sound Vault
--- iteration 15 2026-05-07T06:54:07Z ---
All checks passed!
..............................................                           [100%]
46 passed in 1.47s
Sound Vault loaded 1404 records from /nas/TikTok Sound Vault
--- iteration 16 2026-05-07T06:59:18Z ---
All checks passed!
..............................................                           [100%]
46 passed in 0.90s
Sound Vault loaded 1411 records from /nas/TikTok Sound Vault
--- iteration 17 2026-05-07T07:04:26Z ---
All checks passed!
..............................................                           [100%]
46 passed in 0.70s
Sound Vault loaded 1419 records from /nas/TikTok Sound Vault
--- iteration 18 2026-05-07T07:09:36Z ---
All checks passed!
..............................................                           [100%]
46 passed in 1.46s
Sound Vault loaded 1426 records from /nas/TikTok Sound Vault
--- iteration 19 2026-05-07T07:14:46Z ---
All checks passed!
..............................................                           [100%]
46 passed in 0.57s
Sound Vault loaded 1434 records from /nas/TikTok Sound Vault
--- iteration 20 2026-05-07T07:19:54Z ---
All checks passed!
..............................................                           [100%]
46 passed in 0.81s
Sound Vault loaded 1441 records from /nas/TikTok Sound Vault
--- iteration 21 2026-05-07T07:25:04Z ---
All checks passed!
..............................................                           [100%]
46 passed in 0.68s
Sound Vault loaded 1448 records from /nas/TikTok Sound Vault
--- iteration 22 2026-05-07T07:30:15Z ---
All checks passed!
..............................................                           [100%]
46 passed in 0.57s
Sound Vault loaded 1456 records from /nas/TikTok Sound Vault
--- iteration 23 2026-05-07T07:35:23Z ---
All checks passed!
..............................................                           [100%]
46 passed in 1.34s
Sound Vault loaded 1463 records from /nas/TikTok Sound Vault
--- iteration 24 2026-05-07T07:40:34Z ---
All checks passed!
..............................................                           [100%]
46 passed in 0.58s
Sound Vault loaded 1471 records from /nas/TikTok Sound Vault
soak final complete 2026-05-07T07:45:41Z
